<?xml version="1.0" encoding="UTF-8"?>
<testng-results total="2" passed="2" failed="0" skipped="0">
  <reporter-output>
  </reporter-output>
  <suite started-at="2024-10-04T12:50:49Z" name="Test Suite for Buildout" finished-at="2024-10-04T12:52:05Z" duration-ms="75194">
    <groups>
    </groups>
    <test started-at="2024-10-04T12:50:49Z" name="Test Cases for Buildout" finished-at="2024-10-04T12:52:05Z" duration-ms="75194">
      <class name="demo.TestCases">
        <test-method is-config="true" signature="startBrowser()[pri:0, instance:demo.TestCases@18b0930f]" started-at="2024-10-04T18:20:49Z" name="startBrowser" finished-at="2024-10-04T18:20:52Z" duration-ms="2293" status="PASS">
          <reporter-output>
          </reporter-output>
        </test-method> <!-- startBrowser -->
        <test-method signature="testCase01()[pri:0, instance:demo.TestCases@18b0930f]" started-at="2024-10-04T18:20:52Z" name="testCase01" finished-at="2024-10-04T18:21:34Z" duration-ms="41870" status="PASS">
          <reporter-output>
          </reporter-output>
        </test-method> <!-- testCase01 -->
        <test-method signature="testCase02()[pri:0, instance:demo.TestCases@18b0930f]" started-at="2024-10-04T18:21:34Z" name="testCase02" finished-at="2024-10-04T18:22:05Z" duration-ms="31020" status="PASS">
          <reporter-output>
          </reporter-output>
        </test-method> <!-- testCase02 -->
      </class> <!-- demo.TestCases -->
    </test> <!-- Test Cases for Buildout -->
  </suite> <!-- Test Suite for Buildout -->
</testng-results>
